<?xml version="1.0" encoding="UTF-8"?>
<!-- Generated by org.testng.reporters.JUnitReportReporter -->
<testsuite hostname="Vijay" failures="0" tests="1" name="TestScripts.RegressionTests" time="2255.705" errors="0" timestamp="2023-09-06T18:20:05 IST" skipped="0">
  <testcase classname="TestScripts.RegressionTests" name="RegressionSuite" time="2255.705"/>
</testsuite> <!-- TestScripts.RegressionTests -->
