<?xml version="1.0" encoding="UTF-8"?>
<!-- Generated by org.testng.reporters.JUnitReportReporter -->
<testsuite hostname="Vijay" failures="0" tests="1" name="LoginTests.UserCreation" time="11.668" errors="0" timestamp="2023-08-03T19:18:11 IST" skipped="0">
  <testcase classname="LoginTests.UserCreation" name="CreateTeamType" time="11.668"/>
</testsuite> <!-- LoginTests.UserCreation -->
