<?xml version="1.0" encoding="UTF-8"?>
<!-- Generated by org.testng.reporters.JUnitReportReporter -->
<testsuite hostname="Vijay" failures="0" tests="1" name="LoginTests.AdminLogin" time="14.567" errors="0" timestamp="2023-08-03T12:37:24 IST" skipped="0">
  <testcase classname="LoginTests.AdminLogin" name="verifysigninFunctionality" time="14.567"/>
</testsuite> <!-- LoginTests.AdminLogin -->
