<?xml version="1.0" encoding="UTF-8"?>
<!-- Generated by org.testng.reporters.JUnitReportReporter -->
<testsuite hostname="Vijay" failures="0" tests="1" name="TestScripts.RegressionTests" time="2191.353" errors="0" timestamp="2023-09-01T15:30:24 IST" skipped="0">
  <testcase classname="TestScripts.RegressionTests" name="RegressionSuite" time="2191.353"/>
</testsuite> <!-- TestScripts.RegressionTests -->
