<?xml version="1.0" encoding="UTF-8"?>
<!-- Generated by org.testng.reporters.JUnitReportReporter -->
<testsuite hostname="Vijay" failures="0" tests="1" name="TestScripts.AzurePotentialMember" time="872.681" errors="0" timestamp="2023-08-25T17:32:15 IST" skipped="0">
  <testcase classname="TestScripts.AzurePotentialMember" name="CreateUser" time="872.681"/>
</testsuite> <!-- TestScripts.AzurePotentialMember -->
