<?xml version="1.0" encoding="UTF-8"?>
<!-- Generated by org.testng.reporters.JUnitReportReporter -->
<testsuite hostname="Vijay" failures="0" tests="1" name="AdminModuleTestScripts.AdminModule" time="155.243" errors="0" timestamp="2023-08-04T17:26:48 IST" skipped="0">
  <testcase classname="AdminModuleTestScripts.AdminModule" name="CreateUser" time="155.243"/>
</testsuite> <!-- AdminModuleTestScripts.AdminModule -->
