<?xml version="1.0" encoding="UTF-8"?>
<!-- Generated by org.testng.reporters.JUnitReportReporter -->
<testsuite hostname="Vijay" failures="0" tests="1" name="AdminModuleTestScripts.AdminLogin" time="10.605" errors="0" timestamp="2023-08-07T20:44:47 IST" skipped="0">
  <testcase classname="AdminModuleTestScripts.AdminLogin" name="verifysigninFunctionality" time="10.605"/>
</testsuite> <!-- AdminModuleTestScripts.AdminLogin -->
