<?xml version="1.0" encoding="UTF-8"?>
<!-- Generated by org.testng.reporters.JUnitReportReporter -->
<testsuite hostname="Vijay" failures="0" tests="1" name="AdminModuleTestScripts.AdminModule" time="136.648" errors="0" timestamp="2023-08-07T18:12:48 IST" skipped="0">
  <testcase classname="AdminModuleTestScripts.AdminModule" name="CreateUser" time="136.648"/>
</testsuite> <!-- AdminModuleTestScripts.AdminModule -->
