<?xml version="1.0" encoding="UTF-8"?>
<!-- Generated by org.testng.reporters.JUnitReportReporter -->
<testsuite hostname="Vijay" failures="0" tests="1" name="AdminModuleTestScripts.AdminModule" time="12.026" errors="0" timestamp="2023-08-09T20:03:15 IST" skipped="0">
  <testcase classname="AdminModuleTestScripts.AdminModule" name="CreateLocation" time="12.026"/>
</testsuite> <!-- AdminModuleTestScripts.AdminModule -->
