<?xml version="1.0" encoding="UTF-8"?>
<!-- Generated by org.testng.reporters.JUnitReportReporter -->
<testsuite hostname="Vijay" failures="0" tests="1" name="TestScripts.RegressionTests" time="15.496" errors="0" timestamp="2023-08-16T20:39:22 IST" skipped="0">
  <testcase classname="TestScripts.RegressionTests" name="Mergeamember" time="15.496"/>
</testsuite> <!-- TestScripts.RegressionTests -->
