<?xml version="1.0" encoding="UTF-8"?>
<!-- Generated by org.testng.reporters.JUnitReportReporter -->
<testsuite hostname="Vijay" failures="0" tests="1" name="TestScripts.AdminLogin" time="31.780" errors="0" timestamp="2023-09-04T16:59:34 IST" skipped="0">
  <testcase classname="TestScripts.AdminLogin" name="verifysigninFunctionality" time="31.780"/>
</testsuite> <!-- TestScripts.AdminLogin -->
