<?xml version="1.0" encoding="UTF-8"?>
<!-- Generated by org.testng.reporters.JUnitReportReporter -->
<testsuite hostname="Vijay" failures="0" tests="1" name="Login.LoggedIn" time="9.379" errors="0" timestamp="2023-08-02T13:51:48 IST" skipped="0">
  <testcase classname="Login.LoggedIn" name="verifysigninFunctionality" time="9.379"/>
</testsuite> <!-- Login.LoggedIn -->
