<?xml version="1.0" encoding="UTF-8"?>
<!-- Generated by org.testng.reporters.JUnitReportReporter -->
<testsuite hostname="Vijay" failures="0" tests="1" name="TestScripts.RegressionTests" time="38.240" errors="0" timestamp="2023-08-17T19:18:14 IST" skipped="0">
  <testcase classname="TestScripts.RegressionTests" name="CreateTeam" time="38.240"/>
</testsuite> <!-- TestScripts.RegressionTests -->
