<?xml version="1.0" encoding="UTF-8"?>
<!-- Generated by org.testng.reporters.JUnitReportReporter -->
<testsuite hostname="Vijay" failures="0" tests="1" name="TestScripts.RegressionTests2" time="43.645" errors="0" timestamp="2023-08-31T19:52:02 IST" skipped="0">
  <testcase classname="TestScripts.RegressionTests2" name="Moveteammember32" time="43.645"/>
</testsuite> <!-- TestScripts.RegressionTests2 -->
