<?xml version="1.0" encoding="UTF-8"?>
<!-- Generated by org.testng.reporters.JUnitReportReporter -->
<testsuite hostname="Vijay" failures="0" tests="1" name="TestScripts.AdminLogin" time="34.118" errors="0" timestamp="2023-08-18T13:12:10 IST" skipped="0">
  <testcase classname="TestScripts.AdminLogin" name="verifysigninFunctionality" time="34.118"/>
</testsuite> <!-- TestScripts.AdminLogin -->
