<?xml version="1.0" encoding="UTF-8"?>
<!-- Generated by org.testng.reporters.JUnitReportReporter -->
<testsuite hostname="Vijay" failures="0" tests="1" name="TestScripts.AdminLogin" time="11.937" errors="0" timestamp="2023-08-11T17:24:07 IST" skipped="0">
  <testcase classname="TestScripts.AdminLogin" name="verifysigninFunctionality" time="11.937"/>
</testsuite> <!-- TestScripts.AdminLogin -->
