<?xml version="1.0" encoding="UTF-8"?>
<!-- Generated by org.testng.reporters.JUnitReportReporter -->
<testsuite hostname="Vijay" failures="0" tests="1" name="AdminModuleTestScripts.AdminModule" time="13.690" errors="0" timestamp="2023-08-11T12:51:09 IST" skipped="0">
  <testcase classname="AdminModuleTestScripts.AdminModule" name="CreateSeniorityLevel" time="13.690"/>
</testsuite> <!-- AdminModuleTestScripts.AdminModule -->
