<?xml version="1.0" encoding="UTF-8"?>
<!-- Generated by org.testng.reporters.JUnitReportReporter -->
<testsuite hostname="Vijay" failures="0" tests="1" name="TestScripts.RegressionTests" time="2112.311" errors="0" timestamp="2023-08-31T20:39:39 IST" skipped="0">
  <testcase classname="TestScripts.RegressionTests" name="RegressionSuite" time="2112.311"/>
</testsuite> <!-- TestScripts.RegressionTests -->
