<?xml version="1.0" encoding="UTF-8"?>
<!-- Generated by org.testng.reporters.JUnitReportReporter -->
<testsuite hostname="Vijay" failures="0" tests="1" name="TestScripts.RegressionTests2" time="77.628" errors="0" timestamp="2023-09-01T12:00:24 IST" skipped="0">
  <testcase classname="TestScripts.RegressionTests2" name="Moveteammember33" time="77.628"/>
</testsuite> <!-- TestScripts.RegressionTests2 -->
