<?xml version="1.0" encoding="UTF-8"?>
<!-- Generated by org.testng.reporters.JUnitReportReporter -->
<testsuite hostname="Vijay" failures="0" tests="1" name="LoginTests.AdminModule" time="14.481" errors="0" timestamp="2023-08-04T15:42:07 IST" skipped="0">
  <testcase classname="LoginTests.AdminModule" name="CreateUser" time="14.481"/>
</testsuite> <!-- LoginTests.AdminModule -->
