<?xml version="1.0" encoding="UTF-8"?>
<!-- Generated by org.testng.reporters.JUnitReportReporter -->
<testsuite hostname="Vijay" failures="0" tests="1" name="TestScripts.AdminModule" time="48.877" errors="0" timestamp="2023-08-23T16:10:47 IST" skipped="0">
  <testcase classname="TestScripts.AdminModule" name="RunJob" time="48.877"/>
</testsuite> <!-- TestScripts.AdminModule -->
