<?xml version="1.0" encoding="UTF-8"?>
<!-- Generated by org.testng.reporters.JUnitReportReporter -->
<testsuite hostname="Vijay" failures="0" tests="1" name="TestScripts.RegressionTests" time="1616.921" errors="0" timestamp="2023-08-26T18:17:04 IST" skipped="0">
  <testcase classname="TestScripts.RegressionTests" name="CreateTeam" time="1616.921"/>
</testsuite> <!-- TestScripts.RegressionTests -->
