<?xml version="1.0" encoding="UTF-8"?>
<!-- Generated by org.testng.reporters.JUnitReportReporter -->
<testsuite hostname="Vijay" failures="0" tests="1" name="TestScripts.RegressionTests" time="12.570" errors="0" timestamp="2023-08-15T19:31:45 IST" skipped="0">
  <testcase classname="TestScripts.RegressionTests" name="Moveteammember1" time="12.570"/>
</testsuite> <!-- TestScripts.RegressionTests -->
